/home/zhusitao/anaconda3/envs/TP/lib/python3.7/site-packages/sklearn/utils/validation.py:37: DeprecationWarning: distutils Version classes are deprecated. Use packaging.version instead.
  LARGE_SPARSE_SUPPORTED = LooseVersion(scipy_version) >= '0.14.0'
threshold: [ 2.9519  1.9519  1.951   1.9476  1.8983  1.8977  1.8605  1.8604  1.8414
  1.8387  1.8035  1.8006  1.7848  1.7801  1.7496  1.747   1.7276  1.7217
  1.7058  1.7057  1.6955  1.6907  1.6222  1.6215  1.6094  1.6013  1.5672
  1.5444  1.5276  1.527   1.5221  1.5209  1.4932  1.4909  1.4861  1.4703
  1.4317  1.4211  1.42    1.4001  1.3826  1.3707  1.3663  1.3637  1.351
  1.3482  1.311   1.3064  1.2866  1.2843  1.2591  1.2521  1.231   1.2104
  1.1149  1.0984  1.0951  1.0282  1.0259  0.9313  0.9161  0.9062  0.8981
  0.8539  0.8537  0.8511  0.8097  0.8068  0.7926  0.7859  0.7782  0.7732
  0.7623  0.7605  0.7191  0.7173  0.7096  0.6846  0.6313  0.5669  0.5362
  0.5254  0.4729  0.4373  0.4032  0.3996  0.3835  0.3581  0.3396  0.3364
  0.2704  0.2564  0.2496  0.2447  0.2356  0.2181  0.1861  0.1389  0.1233
  0.12    0.0582  0.0364 -0.0362 -0.0413 -0.0688 -0.0747 -0.0752 -0.0842
 -0.088  -0.091  -0.129  -0.1512 -0.1832 -0.1984 -0.2096 -0.2214 -0.2446
 -0.2513 -0.2732 -0.2815 -0.2978 -0.3156 -0.3195 -0.3761 -0.4046 -0.4183
 -0.4333 -0.449  -0.4798 -0.4946 -0.5172 -0.5211 -0.5386 -0.5493 -0.5608
 -0.5657 -0.584  -0.6179 -0.6251 -0.6255 -0.643  -0.6501 -0.6576 -0.6577
 -0.6614 -0.6639 -0.673  -0.7027 -0.7196 -0.7344 -0.7476 -0.7481 -0.7578
 -0.761  -0.7782 -0.7934 -0.8253 -0.8302 -0.837  -0.8385 -0.8425 -0.8533
 -0.8548 -0.8849 -0.8927 -0.8975 -0.898  -0.9156 -0.9291 -0.9342 -0.9354
 -0.9531 -0.9564 -0.9634 -0.9671 -0.9826 -0.9833 -1.0071 -1.0148 -1.0153
 -1.0231 -1.0259 -1.032  -1.0442 -1.0462 -1.0596 -1.0623 -1.0647 -1.0718
 -1.0753 -1.0777 -1.0806 -1.083  -1.093  -1.1101 -1.1116 -1.1146 -1.1172
 -1.1243 -1.1277 -1.1316 -1.1381 -1.1392 -1.1409 -1.1412 -1.1422 -1.1533
 -1.1561 -1.1563 -1.1649 -1.1828 -1.1838 -1.1861 -1.1865 -1.1928 -1.1943
 -1.1975 -1.1976 -1.2146 -1.2216 -1.2247 -1.2257 -1.2288 -1.2347 -1.2362
 -1.2395 -1.2407 -1.2425 -1.2445 -1.2466 -1.2575 -1.2581 -1.2599 -1.2644
 -1.2647 -1.2727 -1.2746 -1.2775 -1.2816 -1.2823 -1.2831 -1.2872 -1.2919
 -1.2983 -1.3    -1.3009 -1.3077 -1.3088 -1.3134 -1.3169 -1.3194 -1.3221
 -1.3262 -1.3282 -1.3308 -1.3318 -1.3361 -1.341  -1.3479 -1.348  -1.3502
 -1.3536 -1.358  -1.3609 -1.3627 -1.3665 -1.3666 -1.3678 -1.3692 -1.3713
 -1.3748 -1.3769 -1.3772 -1.3802 -1.3879 -1.3901 -1.3919 -1.392  -1.3948
 -1.3959 -1.3978 -1.3984 -1.4017 -1.4058 -1.4082 -1.4138 -1.4147 -1.4178
 -1.4198 -1.425  -1.4264 -1.4266 -1.4273 -1.4292 -1.4299 -1.4371 -1.4378
 -1.4491 -1.4503 -1.4506 -1.4514 -1.4515 -1.452  -1.4525 -1.4593 -1.4596
 -1.4602 -1.4625 -1.4628 -1.4672 -1.4701 -1.4708 -1.4757 -1.4762 -1.477
 -1.4793 -1.4804 -1.4872 -1.4888 -1.4906 -1.4931 -1.4959 -1.4974 -1.4975
 -1.5015 -1.5026 -1.5048 -1.5101 -1.5132 -1.516  -1.5163 -1.5175 -1.5177
 -1.5179 -1.5197 -1.5199 -1.5202 -1.5206 -1.521  -1.5212 -1.5219 -1.5222
 -1.5279 -1.529  -1.5298 -1.5317 -1.5319 -1.5356 -1.5368 -1.5372 -1.5387
 -1.5417 -1.5432 -1.5436 -1.5442 -1.547  -1.5496 -1.5538 -1.5539 -1.5574
 -1.5576 -1.5577 -1.5588 -1.5601 -1.5652 -1.5669 -1.5683 -1.5699 -1.5709
 -1.5718 -1.5742 -1.5746 -1.5762 -1.5765 -1.5793 -1.5827 -1.5844 -1.5845
 -1.5857 -1.5868 -1.5888 -1.5904 -1.5924 -1.593  -1.5948 -1.5951 -1.5988
 -1.5996 -1.5997 -1.6003 -1.6044 -1.6049 -1.6062 -1.6082 -1.6094 -1.6103
 -1.6113 -1.613  -1.6137 -1.6157 -1.6159 -1.616  -1.6163 -1.6166 -1.618
 -1.6181 -1.6217 -1.6218 -1.6263 -1.6274 -1.6283 -1.6286 -1.6307 -1.6311
 -1.6324 -1.6342 -1.6354 -1.6356 -1.6358 -1.6374 -1.6375 -1.6389 -1.6397
 -1.64   -1.6401 -1.6404 -1.6415 -1.6435 -1.6444 -1.6447 -1.6463 -1.6475
 -1.6481 -1.6485 -1.6511 -1.6517 -1.6541 -1.656  -1.6562 -1.6564 -1.6566
 -1.6598 -1.6622 -1.6634 -1.6642 -1.6648 -1.6675 -1.6695 -1.6696 -1.6699
 -1.6701 -1.6713 -1.6714 -1.6719 -1.6721 -1.6723 -1.6724 -1.6742 -1.6748
 -1.6761 -1.6773 -1.6777 -1.6781 -1.6783 -1.6798 -1.6811 -1.6812 -1.6816
 -1.6817 -1.6829 -1.6835 -1.684  -1.6848 -1.685  -1.6884 -1.6898 -1.6902
 -1.6903 -1.6905 -1.6906 -1.6907 -1.6921 -1.6956 -1.6965 -1.6967 -1.6973
 -1.6983 -1.6984 -1.699  -1.6995 -1.7014 -1.7019 -1.7022 -1.7027 -1.7037
 -1.7044 -1.7053 -1.7061 -1.7064 -1.7071 -1.7072 -1.7081 -1.7084 -1.7089
 -1.7093 -1.7126 -1.7137 -1.7148 -1.7152 -1.7153 -1.7158 -1.7161 -1.7165
 -1.7168 -1.7169 -1.7174 -1.7178 -1.7189 -1.719  -1.7216 -1.7219 -1.7227
 -1.7235 -1.7251 -1.7252 -1.7262 -1.7263 -1.7266 -1.7269 -1.7275 -1.7277
 -1.7283 -1.7284 -1.7288 -1.7292 -1.7293 -1.7297 -1.7298 -1.7305 -1.7307
 -1.7308 -1.7311 -1.7312 -1.7315 -1.7316 -1.732  -1.7322 -1.7323 -1.7326
 -1.7333 -1.7343 -1.7347 -1.7348 -1.7349 -1.735  -1.7359 -1.7362 -1.7363
 -1.7368 -1.7371 -1.7377 -1.738  -1.7381 -1.7382 -1.7388 -1.7396 -1.7398
 -1.7401 -1.7406 -1.7407 -1.7416 -1.7422 -1.7425 -1.7431 -1.7432 -1.7433
 -1.7435 -1.7438 -1.7441 -1.7442 -1.7447 -1.745  -1.7451 -1.7453 -1.7455
 -1.7458 -1.7459 -1.7462 -1.7466 -1.7468 -1.7472 -1.7476 -1.7477 -1.748
 -1.7482 -1.7483 -1.7484 -1.7485 -1.7486 -1.7497 -1.75   -1.7508 -1.7509
 -1.7518 -1.7521 -1.7524 -1.7528 -1.7531 -1.7532 -1.7534 -1.7536 -1.7539
 -1.7544 -1.7548 -1.755  -1.7553 -1.7554 -1.7556 -1.7559 -1.7561 -1.7562
 -1.7563 -1.7567 -1.757  -1.7571 -1.7576 -1.7578 -1.7581 -1.7582 -1.7585
 -1.7586 -1.7587 -1.7588 -1.7589 -1.7591 -1.7592 -1.7595 -1.7596 -1.7598
 -1.76   -1.7602 -1.7603 -1.7604 -1.7607 -1.7609 -1.761  -1.7612 -1.7614
 -1.7619 -1.7621 -1.7622 -1.7623 -1.7624 -1.7625 -1.7628 -1.7629 -1.7631
 -1.7632 -1.7633 -1.7634 -1.7636 -1.7638 -1.764  -1.7641 -1.7642 -1.7643
 -1.7645 -1.7646 -1.7647 -1.7648 -1.7649 -1.765  -1.7651 -1.7655 -1.7657
 -1.7658 -1.7659 -1.7661 -1.7662 -1.7665 -1.7666 -1.7667 -1.7668 -1.7669
 -1.767  -1.7671 -1.7672 -1.7674 -1.7677 -1.768  -1.7681 -1.7684 -1.7685
 -1.7686 -1.7688 -1.7689 -1.769  -1.7691 -1.7692 -1.7694 -1.7695 -1.7696
 -1.7698 -1.7699 -1.77   -1.7701 -1.7702 -1.7704 -1.7705 -1.7706 -1.771
 -1.7711 -1.7713 -1.7714 -1.7715 -1.7716 -1.7717 -1.7718 -1.7719 -1.7722
 -1.7723 -1.7724 -1.7725 -1.7726 -1.7727 -1.7728 -1.7729 -1.773  -1.7731
 -1.7732 -1.7733 -1.7735 -1.7736 -1.7737 -1.7738 -1.7739 -1.774  -1.7741
 -1.7742 -1.7743 -1.7745 -1.7746 -1.7747 -1.7748 -1.7749 -1.775  -1.7751
 -1.7752 -1.7754 -1.7755 -1.7756 -1.8178 -1.8215 -2.    ]
PR thresholds: [-2.     -1.8215 -1.8178 ...  1.9476  1.951   1.9519]
tp, tn, fp, fn: 829 306 768 273
accuracy: 0.5215992647058824
sensitivity: 0.7522686025408348
specificity: 0.2849162011173184
