13386204 13386178 26
18971364 18971301 63
25348332 25348360 -28
16446852 16446852 0
18139173 18139137 36
5253635 5253623 12
2316454 2316432 22
5726751 5726765 -14
12565756 12565712 44
5882635 5882684 -49
89430 89425 5
26479543 26479534 9
2130340 2130281 59
16606038 16606047 -9
17209132 17209116 16
6042943 6042949 -6
18948161 18948172 -11
1505658 1505604 54
14135266 14135217 49
30142565 30142539 26
17992047 17992045 2
18087861 18087879 -18
25331380 25331368 12
16570184 16570196 -12
8033622 8033630 -8
8913532 8913532 0
19985705 19985641 64
20529851 20529831 20
20139540 20139456 84
21070321 21070309 12
19837014 19837008 6
1799881 1799788 93
19910112 19910052 60
14830018 14830029 -11
6325794 6325842 -48
17788838 17788794 44
18566789 18566780 9
29855825 29855815 10
10768670 10768600 70
14804329 14804328 1
9864619 9864626 -7
9580035 9580041 -6
587318 587211 107
4154645 4154625 20
7534810 7534818 -8
4743447 4743461 -14
17675052 17675083 -31
23238523 23238552 -29
9905925 9905920 5
6421987 6421993 -6
7160898 7160889 9
4026741 4026757 -16
22512195 22512228 -33
13853606 13853592 14
20044550 20044472 78
6623361 6623362 -1
980681 980654 27
1205871 1205847 24
19328954 19328944 10
9062094 9062097 -3
3417783 3417620 163
11176805 11176830 -25
10047341 10047293 48
1961176 1961159 17
7616006 7615920 86
11166326 11166341 -15
12962702 12962716 -14
20539071 20539074 -3
25652128 25652123 5
8775620 8775554 66
18744080 18744056 24
12277259 12277232 27
15600067 15600041 26
18387140 18387069 71
10446250 10446235 15
20156421 20156421 0
182539 182539 0
15841660 15841502 158
17780076 17780151 -75
1410782 1410739 43
6734366 6734359 7
265643 265683 -40
4481745 4481517 228
5778431 5778374 57
2244829 2244887 -58
10046396 10046405 -9
8458723 8458770 -47
23827078 23827092 -14
19565271 19565271 0
23195768 23195773 -5
23741307 23741312 -5
15801209 15801212 -3
20257856 20257835 21
13826399 13826417 -18
4132832 4132827 5
16625068 16625032 36
2027955 2027890 65
8718211 8717810 401
1143056 1143066 -10
2077695 2077694 1
21566497 21566463 34
2084860 2084814 46
13214490 13214446 44
1305888 1305827 61
18429090 18429066 24
795375 795368 7
536322 536159 163
6212438 6212417 21
20537085 20536318 767
819418 819396 22
3770424 3770438 -14
26561220 26561178 42
4375173 4375097 76
23690569 23690585 -16
16046797 16046856 -59
6558046 6558036 10
20864496 20864491 5
20576185 20576200 -15
112317 112280 37
9133163 9133111 52
68537 68547 -10
18003609 18003604 5
24010646 24010646 0
6805197 6805181 16
24436282 24436224 58
3550785 3550780 5
7626984 7626975 9
9011507 9011522 -15
5570573 5570578 -5
11052689 11052707 -18
26113199 26113216 -17
1075883 1075826 57
1313092 1313092 0
20275909 20275845 64
19044826 19044838 -12
19882464 19882452 12
4651492 4651477 15
2576719 2576687 32
17401950 17401918 32
18451494 18451487 7
1088856 1088866 -10
3622575 3622541 34
5732195 5732189 6
6493364 6493380 -16
5661729 5658401 3328
26088124 26088165 -41
918642 918642 0
12527810 12527761 49
13609902 13609820 82
26793183 26793183 0
9305763 9305674 89
18952052 18951975 77
11477936 11477969 -33
16807832 16807788 44
30165738 30165777 -39
17296386 17296415 -29
6793287 6793285 2
7730996 7730999 -3
10647602 10647614 -12
8575163 8575342 -179
10561430 10561398 32
12935781 12935816 -35
798289 798291 -2
16914135 16914109 26
23437347 23437280 67
3323567 3323535 32
10579180 10579194 -14
24660243 24661048 -805
12627696 12627618 78
960734 960741 -7
776236 776270 -34
19005546 19005505 41
7313617 7313606 11
26837838 26837298 540
10368894 10368914 -20
12676035 12676034 1
23450204 23450096 108
25415514 25415448 66
17618901 17618954 -53
13529997 13529993 4
5045 4976 69
23523811 23523811 0
1217110 1217133 -23
9567896 9567895 1
72192 72192 0
24765326 24765321 5
1291098 1291104 -6
15576559 15576496 63
7305806 7305820 -14
15356360 15356346 14
8742655 8742616 39
6282103 6283298 -1195
8511346 8511350 -4
9743383 9743361 22
25811196 25811141 55
12646042 12646037 5
9974292 9974282 10
1876641 1876653 -12
9581394 9581413 -19
19956354 19956354 0
4558562 4557829 733
13638422 13638371 51
25779165 25779095 70
8999878 8999646 232
2482315 2480100 2215
16021127 16020849 278
19407403 19407412 -9
4123511 4123530 -19
27577282 27577222 60
1127572 1127534 38
16898013 16897974 39
2594135 2594132 3
147173 147160 13
1197594 1197608 -14
20454346 20454318 28
810448 810460 -12
12149063 12149034 29
14597495 14597421 74
10070875 10070858 17
8967509 8967488 21
18304338 18304379 -41
4570954 4570963 -9
9092457 9092421 36
9266377 9266366 11
168255 168390 -135
8399693 8399682 11
9002720 9002701 19
8429328 8429210 118
306291 306340 -49
1520547 1520576 -29
14146471 14146414 57
10351991 10351989 2
4063228 4063176 52
11812999 11812999 0
11961819 11961847 -28
13924719 13924682 37
20068464 20068367 97
2995616 2995564 52
15245266 15245218 48
11412288 11412194 94
1213852 1213833 19
1415963 1415928 35
29248052 29248037 15
8636069 8635885 184
14984607 14984611 -4
5123611 5123509 102
27088248 27088232 16
7748288 7748072 216
18494143 18494126 17
28318373 28318096 277
7575879 7575893 -14
12339751 12339740 11
19964149 19963926 223
12355435 12355430 5
1698137 1697543 594
14726733 14726787 -54
23314420 23314262 158
1423632 1423629 3
7394199 7394103 96
16690005 16689956 49
10423487 10423550 -63
9393445 9393443 2
15355149 15355150 -1
19219063 19218962 101
22504015 22504027 -12
3944770 3944757 13
11856765 11856781 -16
2628116 2628003 113
6430517 6430473 44
3923150 3923164 -14
22480907 22480892 15
5231075 5231044 31
28373244 28373276 -32
2327642 2327426 216
28804772 28804770 2
24245939 24245920 19
17831225 17831225 0
7643004 7642953 51
128970 128476 494
680605 680225 380
18506368 18506338 30
6952443 6952434 9
7242792 7242852 -60
7899250 7899254 -4
7669419 7669377 42
868241 868251 -10
18119048 18118910 138
6807304 6807274 30
1782007 1781999 8
184387 182754 1633
799468 799492 -24
22487973 22487939 34
11504678 11504685 -7
6074508 6074563 -55
7105908 7105908 0
105220 105163 57
8878425 8878233 192
8589722 8589707 15
9996035 9995974 61
26253590 26253609 -19
9315531 9315512 19
25854004 25853925 79
3057453 3057471 -18
9785251 9785246 5
6704215 6704157 58
15579855 15579722 133
17879246 17879242 4
9174582 9174568 14
12494549 12494555 -6
11294014 11293853 161
9955918 9955955 -37
4722287 4721794 493
10786397 10786409 -12
27646702 27646698 4
14905375 14905375 0
1025843 1025835 8
16862345 16862331 14
4265075 4265136 -61
663
663
0.5957767722473605 0.9356223175965666 0.4116279069767442
f1-score: 0.6193181818181818
MAE= 69.94419306184012
r2 =  0.9999999993318434
mae= 69.94419306184012
df1= 64.30827067669173
df2= 53.2406015037594
df3= 102.12781954887218
df4= 54.371212121212125
df5= 75.59848484848484
