r2 =  0.005004958667484973
82.33221476510067
            locus  true  prediction
0     AT2G31390.1   243          55
1     AT2G46180.1    73           6
2     AT5G67060.1    19          28
3     AT1G67630.1    89           6
4     AT1G43650.1   184          31
..            ...   ...         ...
115   AT4G02230.1    35           6
116   AT4G02720.1    25           6
117   AT5G47700.1    56           6
118   AT4G26680.1    26           6
119  MSTRG.5736.1    27          25

[120 rows x 3 columns]
df1= 88.5
df2= 84.33613445378151
df3= 82.33613445378151
df4= 84.56302521008404
df5= 71.87394957983193
